<?xml version="1.0" encoding="UTF-8"?>
<testng-results ignored="0" total="2" passed="2" failed="0" skipped="0">
  <reporter-output>
  </reporter-output>
  <suite started-at="2023-05-22T09:34:09Z" name="Default suite" finished-at="2023-05-22T09:34:09Z" duration-ms="69">
    <groups>
    </groups>
    <test started-at="2023-05-22T09:34:09Z" name="Default test" finished-at="2023-05-22T09:34:09Z" duration-ms="69">
      <class name="precticTestNG.NewTest">
        <test-method is-config="true" signature="launceBrowser()[pri:0, instance:precticTestNG.NewTest@268f106e]" started-at="2023-05-22T09:34:09Z" name="launceBrowser" finished-at="2023-05-22T09:34:09Z" duration-ms="11" status="PASS">
          <reporter-output>
          </reporter-output>
        </test-method> <!-- launceBrowser -->
        <test-method signature="login()[pri:2, instance:precticTestNG.NewTest@268f106e]" started-at="2023-05-22T09:34:09Z" name="login" finished-at="2023-05-22T09:34:09Z" duration-ms="11" status="PASS">
          <reporter-output>
          </reporter-output>
        </test-method> <!-- login -->
        <test-method is-config="true" signature="closeBrowser()[pri:0, instance:precticTestNG.NewTest@268f106e]" started-at="2023-05-22T09:34:09Z" name="closeBrowser" finished-at="2023-05-22T09:34:09Z" duration-ms="0" status="PASS">
          <reporter-output>
          </reporter-output>
        </test-method> <!-- closeBrowser -->
        <test-method signature="sendFrindRequest()[pri:3, instance:precticTestNG.NewTest@268f106e]" started-at="2023-05-22T09:34:09Z" name="sendFrindRequest" finished-at="2023-05-22T09:34:09Z" duration-ms="3" status="PASS">
          <reporter-output>
          </reporter-output>
        </test-method> <!-- sendFrindRequest -->
        <test-method is-config="true" signature="launceBrowser()[pri:0, instance:precticTestNG.NewTest@268f106e]" started-at="2023-05-22T09:34:09Z" name="launceBrowser" finished-at="2023-05-22T09:34:09Z" duration-ms="0" status="PASS">
          <reporter-output>
          </reporter-output>
        </test-method> <!-- launceBrowser -->
        <test-method is-config="true" signature="closeBrowser()[pri:0, instance:precticTestNG.NewTest@268f106e]" started-at="2023-05-22T09:34:09Z" name="closeBrowser" finished-at="2023-05-22T09:34:09Z" duration-ms="0" status="PASS">
          <reporter-output>
          </reporter-output>
        </test-method> <!-- closeBrowser -->
      </class> <!-- precticTestNG.NewTest -->
    </test> <!-- Default test -->
  </suite> <!-- Default suite -->
</testng-results>
