<?xml version="1.0" encoding="UTF-8"?>
<!-- Generated by org.testng.reporters.JUnitXMLReporter -->
<testsuite ignored="8" hostname="Darshit" failures="0" tests="8" name="FinalReports" time="0.181" errors="0" timestamp="23 May 2023 04:19:18 GMT">
  <testcase classname="lerarnTesting.ClassTwo" name="nameD" time="0.017"/>
  <testcase classname="lerarnTesting.ClassTwo" name="nameE" time="0.003"/>
  <testcase classname="lerarnTesting.ClassThree" name="nameE" time="0.007"/>
  <testcase classname="lerarnTesting.ClassThree" name="nameF" time="0.011"/>
  <testcase classname="lerarnTesting.ClassThree" name="nameG" time="0.006"/>
  <testcase classname="lerarnTesting.ClassOne" name="nameA" time="0.008"/>
  <testcase classname="lerarnTesting.ClassOne" name="nameB" time="0.006"/>
  <testcase classname="lerarnTesting.ClassOne" name="nameC" time="0.006"/>
  <testcase classname="lerarnTesting.testNGBaseClass" name="@AfterSuite afterSuite" time="0.0">
    <ignored/>
  </testcase> <!-- @AfterSuite afterSuite -->
  <testcase classname="lerarnTesting.testNGBaseClass" name="@AfterSuite afterSuite" time="0.0">
    <ignored/>
  </testcase> <!-- @AfterSuite afterSuite -->
  <testcase classname="lerarnTesting.testNGBaseClass" name="@BeforeSuite beforeSuite" time="0.0">
    <ignored/>
  </testcase> <!-- @BeforeSuite beforeSuite -->
  <testcase classname="lerarnTesting.testNGBaseClass" name="@BeforeSuite beforeSuite" time="0.0">
    <ignored/>
  </testcase> <!-- @BeforeSuite beforeSuite -->
  <testcase classname="lerarnTesting.testNGBaseClass" name="@AfterTest afteTest" time="0.0">
    <ignored/>
  </testcase> <!-- @AfterTest afteTest -->
  <testcase classname="lerarnTesting.testNGBaseClass" name="@AfterTest afteTest" time="0.0">
    <ignored/>
  </testcase> <!-- @AfterTest afteTest -->
  <testcase classname="lerarnTesting.testNGBaseClass" name="@BeforeTest beforeTest" time="0.0">
    <ignored/>
  </testcase> <!-- @BeforeTest beforeTest -->
  <testcase classname="lerarnTesting.testNGBaseClass" name="@BeforeTest beforeTest" time="0.0">
    <ignored/>
  </testcase> <!-- @BeforeTest beforeTest -->
</testsuite> <!-- FinalReports -->
