<?xml version="1.0" encoding="UTF-8"?>
<!-- Generated by org.testng.reporters.JUnitXMLReporter -->
<testsuite ignored="8" hostname="Darshit" failures="0" tests="8" name="Test" time="0.131" errors="0" timestamp="23 May 2023 05:23:32 GMT">
  <testcase classname="lerarnTesting.ClassTwo" name="nameD" time="0.017"/>
  <testcase classname="lerarnTesting.ClassTwo" name="nameE" time="0.003"/>
  <testcase classname="lerarnTesting.ClassThree" name="nameE" time="0.001"/>
  <testcase classname="lerarnTesting.ClassThree" name="nameF" time="0.008"/>
  <testcase classname="lerarnTesting.ClassThree" name="nameG" time="0.004"/>
  <testcase classname="lerarnTesting.ClassOne" name="nameA" time="0.004"/>
  <testcase classname="lerarnTesting.ClassOne" name="nameB" time="0.002"/>
  <testcase classname="lerarnTesting.ClassOne" name="nameC" time="0.003"/>
  <testcase classname="lerarnTesting.testNGBaseClass" name="@AfterSuite afterSuite" time="0.0">
    <ignored/>
  </testcase> <!-- @AfterSuite afterSuite -->
  <testcase classname="lerarnTesting.testNGBaseClass" name="@AfterSuite afterSuite" time="0.0">
    <ignored/>
  </testcase> <!-- @AfterSuite afterSuite -->
  <testcase classname="lerarnTesting.testNGBaseClass" name="@BeforeSuite beforeSuite" time="0.0">
    <ignored/>
  </testcase> <!-- @BeforeSuite beforeSuite -->
  <testcase classname="lerarnTesting.testNGBaseClass" name="@BeforeSuite beforeSuite" time="0.0">
    <ignored/>
  </testcase> <!-- @BeforeSuite beforeSuite -->
  <testcase classname="lerarnTesting.testNGBaseClass" name="@AfterTest afteTest" time="0.0">
    <ignored/>
  </testcase> <!-- @AfterTest afteTest -->
  <testcase classname="lerarnTesting.testNGBaseClass" name="@AfterTest afteTest" time="0.0">
    <ignored/>
  </testcase> <!-- @AfterTest afteTest -->
  <testcase classname="lerarnTesting.testNGBaseClass" name="@BeforeTest beforeTest" time="0.0">
    <ignored/>
  </testcase> <!-- @BeforeTest beforeTest -->
  <testcase classname="lerarnTesting.testNGBaseClass" name="@BeforeTest beforeTest" time="0.0">
    <ignored/>
  </testcase> <!-- @BeforeTest beforeTest -->
</testsuite> <!-- Test -->
