<?xml version="1.0" encoding="UTF-8"?>
<!-- Generated by org.testng.reporters.JUnitXMLReporter -->
<testsuite ignored="12" hostname="Darshit" failures="0" tests="3" name="Default test" time="0.067" errors="0" timestamp="22 May 2023 18:08:56 GMT">
  <testcase classname="lerarnTesting.ClassOne" name="nameA" time="0.014"/>
  <testcase classname="lerarnTesting.ClassOne" name="nameB" time="0.004"/>
  <testcase classname="lerarnTesting.ClassOne" name="nameC" time="0.002"/>
  <testcase classname="lerarnTesting.testNGBaseClass" name="@AfterSuite afterSuite" time="0.0">
    <ignored/>
  </testcase> <!-- @AfterSuite afterSuite -->
  <testcase classname="lerarnTesting.testNGBaseClass" name="@AfterSuite afterSuite" time="0.0">
    <ignored/>
  </testcase> <!-- @AfterSuite afterSuite -->
  <testcase classname="lerarnTesting.testNGBaseClass" name="@AfterSuite afterSuite" time="0.0">
    <ignored/>
  </testcase> <!-- @AfterSuite afterSuite -->
  <testcase classname="lerarnTesting.testNGBaseClass" name="@BeforeSuite beforeSuite" time="0.0">
    <ignored/>
  </testcase> <!-- @BeforeSuite beforeSuite -->
  <testcase classname="lerarnTesting.testNGBaseClass" name="@BeforeSuite beforeSuite" time="0.0">
    <ignored/>
  </testcase> <!-- @BeforeSuite beforeSuite -->
  <testcase classname="lerarnTesting.testNGBaseClass" name="@BeforeSuite beforeSuite" time="0.0">
    <ignored/>
  </testcase> <!-- @BeforeSuite beforeSuite -->
  <testcase classname="lerarnTesting.testNGBaseClass" name="@AfterTest afteTest" time="0.0">
    <ignored/>
  </testcase> <!-- @AfterTest afteTest -->
  <testcase classname="lerarnTesting.testNGBaseClass" name="@AfterTest afteTest" time="0.0">
    <ignored/>
  </testcase> <!-- @AfterTest afteTest -->
  <testcase classname="lerarnTesting.testNGBaseClass" name="@AfterTest afteTest" time="0.0">
    <ignored/>
  </testcase> <!-- @AfterTest afteTest -->
  <testcase classname="lerarnTesting.testNGBaseClass" name="@BeforeTest beforeTest" time="0.0">
    <ignored/>
  </testcase> <!-- @BeforeTest beforeTest -->
  <testcase classname="lerarnTesting.testNGBaseClass" name="@BeforeTest beforeTest" time="0.0">
    <ignored/>
  </testcase> <!-- @BeforeTest beforeTest -->
  <testcase classname="lerarnTesting.testNGBaseClass" name="@BeforeTest beforeTest" time="0.0">
    <ignored/>
  </testcase> <!-- @BeforeTest beforeTest -->
</testsuite> <!-- Default test -->
